<?xml version="1.0" encoding="UTF-8"?>
<!-- Generated by org.testng.reporters.JUnitReportReporter -->
<testsuite skipped="0" hostname="LAPTOP-B4DGONA8" name="com.qa.testscripts.LoginPageTest" tests="1" failures="0" timestamp="2021-09-16T15:50:19 IST" time="12.086" errors="0">
  <testcase name="loginTest" time="12.086" classname="com.qa.testscripts.LoginPageTest"/>
  <system-out/>
</testsuite> <!-- com.qa.testscripts.LoginPageTest -->
