<?xml version="1.0" encoding="UTF-8"?>
<!-- Generated by org.testng.reporters.JUnitReportReporter -->
<testsuite skipped="0" hostname="LAPTOP-B4DGONA8" name="com.qa.testscripts.HomePageTest" tests="1" failures="0" timestamp="2021-10-18T16:54:11 IST" time="5.328" errors="0">
  <testcase name="homePageTest" time="5.328" classname="com.qa.testscripts.HomePageTest"/>
  <system-out/>
</testsuite> <!-- com.qa.testscripts.HomePageTest -->
