<?xml version="1.0" encoding="UTF-8"?>
<!-- Generated by org.testng.reporters.JUnitReportReporter -->
<testsuite skipped="0" hostname="LAPTOP-B4DGONA8" name="com.qa.testscripts.ContactsPageTest" tests="3" failures="0" timestamp="2021-10-18T16:54:11 IST" time="26.336" errors="0">
  <testcase name="contactsPageTest" time="8.555" classname="com.qa.testscripts.ContactsPageTest"/>
  <system-out/>
  <testcase name="contactsPageTest" time="8.871" classname="com.qa.testscripts.ContactsPageTest"/>
  <system-out/>
  <testcase name="contactsPageTest" time="8.910" classname="com.qa.testscripts.ContactsPageTest"/>
  <system-out/>
</testsuite> <!-- com.qa.testscripts.ContactsPageTest -->
